<?xml version="1.0" encoding="UTF-8"?>
<!-- Generated by org.testng.reporters.JUnitReportReporter -->
<testsuite hostname="administrator-H61MLV3" failures="0" tests="1" name="DataDriven.Login" time="0.000" errors="0" timestamp="04 Feb 2020 12:47:23 GMT" skipped="1">
  <testcase classname="DataDriven.Login" name="TestSetup" time="0.000">
    <skipped/>
  </testcase> <!-- TestSetup -->
</testsuite> <!-- DataDriven.Login -->
