<?xml version="1.0" encoding="UTF-8"?>
<!-- Generated by org.testng.reporters.JUnitReportReporter -->
<testsuite hostname="administrator-H61MLV3" failures="0" tests="1" name="com.Directtest.ChangePassword" time="21.576" errors="0" timestamp="29 Jan 2020 09:06:05 GMT" skipped="0">
  <testcase classname="com.Directtest.ChangePassword" name="f" time="21.576"/>
</testsuite> <!-- com.Directtest.ChangePassword -->
