<?xml version="1.0" encoding="UTF-8"?>
<!-- Generated by org.testng.reporters.JUnitReportReporter -->
<testsuite hostname="administrator-H61MLV3" failures="0" tests="1" name="DataDriven.change_password" time="60.034" errors="0" timestamp="06 Feb 2020 06:08:26 GMT" skipped="0">
  <testcase classname="DataDriven.change_password" name="tc_1" time="60.034"/>
</testsuite> <!-- DataDriven.change_password -->
